INFO    : Since no target was supplied, we will use "web".

INFO    : Building target web
INFO    : XSL conversion of /home/innodems-intern2/Desktop/CBC-book/CBC-grade-9-pretext-book/source/main.ptx by /home/innodems-intern2/.ptx/2.18.1/core/xsl/utilities/pretext-enhanced-source.xsl
INFO    : successful application of /home/innodems-intern2/.ptx/2.18.1/core/xsl/utilities/pretext-enhanced-source.xsl
INFO    : Generating any needed assets.
INFO    : XSL conversion of /home/innodems-intern2/Desktop/CBC-book/CBC-grade-9-pretext-book/source/main.ptx by /home/innodems-intern2/.ptx/2.18.1/core/xsl/utilities/pretext-enhanced-source.xsl
INFO    : successful application of /home/innodems-intern2/.ptx/2.18.1/core/xsl/utilities/pretext-enhanced-source.xsl
INFO    : XSL conversion of /home/innodems-intern2/Desktop/CBC-book/CBC-grade-9-pretext-book/source/main.ptx by /home/innodems-intern2/.ptx/2.18.1/core/xsl/utilities/pretext-enhanced-source.xsl
INFO    : successful application of /home/innodems-intern2/.ptx/2.18.1/core/xsl/utilities/pretext-enhanced-source.xsl
INFO    : XSL conversion of /home/innodems-intern2/Desktop/CBC-book/CBC-grade-9-pretext-book/source/main.ptx by /home/innodems-intern2/.ptx/2.18.1/core/xsl/utilities/pretext-enhanced-source.xsl
INFO    : successful application of /home/innodems-intern2/.ptx/2.18.1/core/xsl/utilities/pretext-enhanced-source.xsl
INFO    : XSL conversion of /home/innodems-intern2/Desktop/CBC-book/CBC-grade-9-pretext-book/source/main.ptx by /home/innodems-intern2/.ptx/2.18.1/core/xsl/utilities/pretext-enhanced-source.xsl
INFO    : successful application of /home/innodems-intern2/.ptx/2.18.1/core/xsl/utilities/pretext-enhanced-source.xsl
INFO    : XSL conversion of /home/innodems-intern2/Desktop/CBC-book/CBC-grade-9-pretext-book/source/main.ptx by /home/innodems-intern2/.ptx/2.18.1/core/xsl/utilities/pretext-enhanced-source.xsl
INFO    : successful application of /home/innodems-intern2/.ptx/2.18.1/core/xsl/utilities/pretext-enhanced-source.xsl
INFO    : XSL conversion of /home/innodems-intern2/Desktop/CBC-book/CBC-grade-9-pretext-book/source/main.ptx by /home/innodems-intern2/.ptx/2.18.1/core/xsl/utilities/pretext-enhanced-source.xsl
INFO    : successful application of /home/innodems-intern2/.ptx/2.18.1/core/xsl/utilities/pretext-enhanced-source.xsl
INFO    : XSL conversion of /home/innodems-intern2/Desktop/CBC-book/CBC-grade-9-pretext-book/source/main.ptx by /home/innodems-intern2/.ptx/2.18.1/core/xsl/utilities/pretext-enhanced-source.xsl
INFO    : successful application of /home/innodems-intern2/.ptx/2.18.1/core/xsl/utilities/pretext-enhanced-source.xsl
INFO    : XSL conversion of /home/innodems-intern2/Desktop/CBC-book/CBC-grade-9-pretext-book/source/main.ptx by /home/innodems-intern2/.ptx/2.18.1/core/xsl/utilities/pretext-enhanced-source.xsl
INFO    : successful application of /home/innodems-intern2/.ptx/2.18.1/core/xsl/utilities/pretext-enhanced-source.xsl
INFO    : XSL conversion of /home/innodems-intern2/Desktop/CBC-book/CBC-grade-9-pretext-book/source/main.ptx by /home/innodems-intern2/.ptx/2.18.1/core/xsl/utilities/pretext-enhanced-source.xsl
INFO    : successful application of /home/innodems-intern2/.ptx/2.18.1/core/xsl/utilities/pretext-enhanced-source.xsl
INFO    : XSL conversion of /home/innodems-intern2/Desktop/CBC-book/CBC-grade-9-pretext-book/source/main.ptx by /home/innodems-intern2/.ptx/2.18.1/core/xsl/utilities/pretext-enhanced-source.xsl
INFO    : successful application of /home/innodems-intern2/.ptx/2.18.1/core/xsl/utilities/pretext-enhanced-source.xsl
INFO    : XSL conversion of /home/innodems-intern2/Desktop/CBC-book/CBC-grade-9-pretext-book/source/main.ptx by /home/innodems-intern2/.ptx/2.18.1/core/xsl/utilities/pretext-enhanced-source.xsl
INFO    : successful application of /home/innodems-intern2/.ptx/2.18.1/core/xsl/utilities/pretext-enhanced-source.xsl
INFO    : XSL conversion of /home/innodems-intern2/Desktop/CBC-book/CBC-grade-9-pretext-book/source/main.ptx by /home/innodems-intern2/.ptx/2.18.1/core/xsl/utilities/pretext-enhanced-source.xsl
INFO    : successful application of /home/innodems-intern2/.ptx/2.18.1/core/xsl/utilities/pretext-enhanced-source.xsl
INFO    : XSL conversion of /home/innodems-intern2/Desktop/CBC-book/CBC-grade-9-pretext-book/source/main.ptx by /home/innodems-intern2/.ptx/2.18.1/core/xsl/utilities/pretext-enhanced-source.xsl
INFO    : successful application of /home/innodems-intern2/.ptx/2.18.1/core/xsl/utilities/pretext-enhanced-source.xsl
INFO    : XSL conversion of /home/innodems-intern2/Desktop/CBC-book/CBC-grade-9-pretext-book/source/main.ptx by /home/innodems-intern2/.ptx/2.18.1/core/xsl/utilities/pretext-enhanced-source.xsl
INFO    : successful application of /home/innodems-intern2/.ptx/2.18.1/core/xsl/utilities/pretext-enhanced-source.xsl
INFO    : Finished generating assets.

INFO    : Preparing to build into /home/innodems-intern2/Desktop/CBC-book/CBC-grade-9-pretext-book/output/web.
INFO    : discovering source file's directory name: /home/innodems-intern2/Desktop/CBC-book/CBC-grade-9-pretext-book/source
INFO    : verifying and expanding input directory: /home/innodems-intern2/Desktop/CBC-book/CBC-grade-9-pretext-book/source/../generated-assets
INFO    : input directory expanded to absolute path: /home/innodems-intern2/Desktop/CBC-book/CBC-grade-9-pretext-book/generated-assets
INFO    : verifying and expanding input directory: /home/innodems-intern2/Desktop/CBC-book/CBC-grade-9-pretext-book/source/../assets
INFO    : input directory expanded to absolute path: /home/innodems-intern2/Desktop/CBC-book/CBC-grade-9-pretext-book/assets
INFO    : XSL conversion of /home/innodems-intern2/Desktop/CBC-book/CBC-grade-9-pretext-book/source/main.ptx by /home/innodems-intern2/.ptx/2.18.1/core/xsl/utilities/report-publisher-variables.xsl
INFO    : successful application of /home/innodems-intern2/.ptx/2.18.1/core/xsl/utilities/report-publisher-variables.xsl
INFO    : Downloading rs services file from https://runestone.academy/cdn/runestone/latest/webpack_static_imports.xml.
INFO    : Runestone Services via online CDN query: version 7.8.0
INFO    : Downloading Runestone Services, version 7.8.0
INFO    : Extracting Runestone Services from archive file
INFO    : Building custom css theme: theme-denver
INFO    : converting /home/innodems-intern2/Desktop/CBC-book/CBC-grade-9-pretext-book/source/main.ptx to HTML in /tmp/ptx-zpuxchmy
INFO    : XSL conversion of /home/innodems-intern2/Desktop/CBC-book/CBC-grade-9-pretext-book/source/main.ptx by /home/innodems-intern2/.ptx/2.18.1/core/xsl/pretext-html.xsl
INFO    : messages from the log for XSL processing:
INFO    : * PTX:INFO:   checking ONLY the last TWO YEARS of element deprecations.
Rerun with the string parameter "author.deprecations.all" set to "yes" to check your source against all deprecations.
INFO    : successful application of /home/innodems-intern2/.ptx/2.18.1/core/xsl/pretext-html.xsl
INFO    : Removing temporary directory /tmp/ptx-zpuxchmy
INFO    : Removing temporary directory /tmp/ptx-ah3rhk3u
INFO    : 
Success! Run `pretext view web` to see the results.

INFO    : 
